[2019-01-16 01:49:54] __rvm_set_executable
__rvm_set_executable () 
{ 
    for __file in "$@";
    do
        [[ -x "${__file}" ]] || chmod +x "${__file}";
    done
}
current path: /home/vagrant/.rvm/src/ruby-2.5.1
PATH=/home/vagrant/bin:/home/vagrant/.local/bin:/usr/local/sbin:/usr/local/bin:/usr/sbin:/usr/bin:/sbin:/bin:/usr/games:/usr/local/games:/snap/bin:/home/vagrant/.rvm/bin
command(8): __rvm_set_executable /home/vagrant/.rvm/rubies/ruby-2.5.1/bin/erb /home/vagrant/.rvm/rubies/ruby-2.5.1/bin/gem /home/vagrant/.rvm/rubies/ruby-2.5.1/bin/irb /home/vagrant/.rvm/rubies/ruby-2.5.1/bin/rake /home/vagrant/.rvm/rubies/ruby-2.5.1/bin/rdoc /home/vagrant/.rvm/rubies/ruby-2.5.1/bin/ri /home/vagrant/.rvm/rubies/ruby-2.5.1/bin/ruby
+++ for __file in '"$@"'
+++ [[ -x /home/vagrant/.rvm/rubies/ruby-2.5.1/bin/erb ]]
+++ for __file in '"$@"'
+++ [[ -x /home/vagrant/.rvm/rubies/ruby-2.5.1/bin/gem ]]
+++ for __file in '"$@"'
+++ [[ -x /home/vagrant/.rvm/rubies/ruby-2.5.1/bin/irb ]]
+++ for __file in '"$@"'
+++ [[ -x /home/vagrant/.rvm/rubies/ruby-2.5.1/bin/rake ]]
+++ for __file in '"$@"'
+++ [[ -x /home/vagrant/.rvm/rubies/ruby-2.5.1/bin/rdoc ]]
+++ for __file in '"$@"'
+++ [[ -x /home/vagrant/.rvm/rubies/ruby-2.5.1/bin/ri ]]
+++ for __file in '"$@"'
+++ [[ -x /home/vagrant/.rvm/rubies/ruby-2.5.1/bin/ruby ]]
