[2019-01-16 01:45:37] __rvm_make
__rvm_make () 
{ 
    \make "$@" || return $?
}
current path: /home/vagrant/.rvm/src/ruby-2.5.1
PATH=/home/vagrant/bin:/home/vagrant/.local/bin:/usr/local/sbin:/usr/local/bin:/usr/sbin:/usr/bin:/sbin:/bin:/usr/games:/usr/local/games:/snap/bin:/home/vagrant/.rvm/bin
command(2): __rvm_make -j2
+++ make -j2
	CC = gcc
	LD = ld
	LDSHARED = gcc -shared
	CFLAGS = -O3 -ggdb3 -Wall -Wextra -Wno-unused-parameter -Wno-parentheses -Wno-long-long -Wno-missing-field-initializers -Wno-tautological-compare -Wno-parentheses-equality -Wno-constant-logical-operand -Wno-self-assign -Wunused-variable -Wimplicit-int -Wpointer-arith -Wwrite-strings -Wdeclaration-after-statement -Wimplicit-function-declaration -Wdeprecated-declarations -Wno-packed-bitfield-compat -Wsuggest-attribute=noreturn -Wsuggest-attribute=format -Wno-maybe-uninitialized -std=gnu99  -fPIC 
	XCFLAGS = -D_FORTIFY_SOURCE=2 -fstack-protector -fno-strict-overflow -fvisibility=hidden -fexcess-precision=standard -DRUBY_EXPORT
	CPPFLAGS =   -I. -I.ext/include/i686-linux -I./include -I. -I./enc/unicode/10.0.0
	DLDFLAGS = -Wl,--compress-debug-sections=zlib -Wl,-soname,libruby.so.2.5  -fstack-protector  
	SOLIBS = -lpthread -lgmp -ldl -lcrypt -lm  
	LANG = en_US.UTF-8
	LC_ALL = 
	LC_CTYPE = 
gcc (Ubuntu 5.4.0-6ubuntu1~16.04.11) 5.4.0 20160609
Copyright (C) 2015 Free Software Foundation, Inc.
This is free software; see the source for copying conditions.  There is NO
warranty; not even for MERCHANTABILITY or FITNESS FOR A PARTICULAR PURPOSE.

compiling ./main.c
compiling dmydln.c
compiling miniinit.c
compiling dmyext.c
compiling miniprelude.c
making dummy probes.h
compiling bignum.c
compiling class.c
compiling compar.c
compiling compile.c
compiling complex.c
compiling cont.c
compiling debug.c
compiling debug_counter.c
compiling dir.c
compiling dln_find.c
compiling encoding.c
compiling enum.c
compiling enumerator.c
compiling error.c
compiling eval.c
compiling file.c
compiling gc.c
compiling hash.c
compiling inits.c
compiling io.c
compiling iseq.c
compiling load.c
compiling marshal.c
compiling math.c
compiling node.c
compiling numeric.c
compiling object.c
compiling pack.c
compiling parse.c
compiling proc.c
compiling process.c
compiling random.c
compiling range.c
compiling rational.c
compiling re.c
compiling regcomp.c
compiling regenc.c
compiling regerror.c
compiling regexec.c
compiling regparse.c
compiling regsyntax.c
compiling ruby.c
compiling safe.c
compiling signal.c
compiling sprintf.c
compiling st.c
compiling strftime.c
compiling string.c
compiling struct.c
compiling symbol.c
compiling thread.c
compiling time.c
compiling transcode.c
compiling util.c
compiling variable.c
compiling version.c
compiling vm.c
compiling vm_backtrace.c
compiling vm_dump.c
compiling vm_trace.c
compiling ./missing/explicit_bzero.c
compiling ./missing/setproctitle.c
compiling ./missing/strlcat.c
compiling ./missing/strlcpy.c
compiling addr2line.c
compiling dmyenc.c
compiling dln.c
compiling localeinit.c
compiling prelude.c
compiling array.c
compiling enc/ascii.c
compiling enc/us_ascii.c
compiling enc/unicode.c
compiling enc/utf_8.c
compiling enc/trans/newline.c
linking miniruby
generating encdb.h
encdb.h updated
./tool/ifchange "--timestamp=.rbconfig.time" rbconfig.rb rbconfig.tmp
rbconfig.rb updated
generating enc.mk
creating verconf.h
verconf.h updated
compiling loadpath.c
making srcs under enc
linking static-library libruby-static.a
make[1]: Entering directory '/home/vagrant/.rvm/src/ruby-2.5.1'
make[1]: Nothing to be done for 'srcs'.
make[1]: Leaving directory '/home/vagrant/.rvm/src/ruby-2.5.1'
generating transdb.h
transdb.h updated
linking shared-library libruby.so.2.5.1
generating makefiles ext/configure-ext.mk
making enc
make[1]: Entering directory '/home/vagrant/.rvm/src/ruby-2.5.1'
compiling ./enc/encdb.c
ext/configure-ext.mk updated
making trans
make[1]: Entering directory '/home/vagrant/.rvm/src/ruby-2.5.1'
compiling ./enc/trans/transdb.c
compiling ./enc/trans/big5.c
compiling ./enc/big5.c
compiling ./enc/cp949.c
compiling ./enc/emacs_mule.c
compiling ./enc/euc_jp.c
compiling ./enc/euc_kr.c
compiling ./enc/euc_tw.c
compiling ./enc/gb2312.c
compiling ./enc/gb18030.c
compiling ./enc/gbk.c
compiling ./enc/iso_8859_1.c
compiling ./enc/iso_8859_2.c
compiling ./enc/iso_8859_3.c
compiling ./enc/iso_8859_4.c
compiling ./enc/iso_8859_5.c
compiling ./enc/iso_8859_6.c
compiling ./enc/iso_8859_7.c
compiling ./enc/iso_8859_8.c
compiling ./enc/iso_8859_9.c
compiling ./enc/iso_8859_10.c
compiling ./enc/iso_8859_11.c
compiling ./enc/iso_8859_13.c
compiling ./enc/trans/chinese.c
compiling ./enc/iso_8859_14.c
compiling ./enc/iso_8859_15.c
compiling ./enc/iso_8859_16.c
compiling ./enc/koi8_r.c
compiling ./enc/koi8_u.c
compiling ./enc/shift_jis.c
compiling ./enc/utf_16be.c
compiling ./enc/trans/ebcdic.c
compiling ./enc/utf_16le.c
compiling ./enc/trans/emoji.c
compiling ./enc/utf_32be.c
compiling ./enc/utf_32le.c
compiling ./enc/windows_31j.c
compiling ./enc/trans/emoji_iso2022_kddi.c
compiling ./enc/windows_1250.c
compiling ./enc/windows_1251.c
compiling ./enc/windows_1252.c
compiling ./enc/windows_1253.c
compiling ./enc/windows_1254.c
compiling ./enc/trans/emoji_sjis_docomo.c
compiling ./enc/windows_1257.c
linking encoding encdb.so
linking encoding big5.so
linking encoding cp949.so
linking encoding emacs_mule.so
linking encoding euc_jp.so
linking encoding euc_kr.so
linking encoding euc_tw.so
linking encoding gb2312.so
linking encoding gb18030.so
linking encoding gbk.so
linking encoding iso_8859_1.so
compiling ./enc/trans/emoji_sjis_kddi.c
linking encoding iso_8859_2.so
linking encoding iso_8859_3.so
linking encoding iso_8859_4.so
linking encoding iso_8859_5.so
linking encoding iso_8859_6.so
linking encoding iso_8859_7.so
linking encoding iso_8859_8.so
linking encoding iso_8859_9.so
linking encoding iso_8859_10.so
linking encoding iso_8859_11.so
linking encoding iso_8859_13.so
linking encoding iso_8859_14.so
linking encoding iso_8859_15.so
linking encoding iso_8859_16.so
linking encoding koi8_r.so
compiling ./enc/trans/emoji_sjis_softbank.c
linking encoding koi8_u.so
linking encoding shift_jis.so
linking encoding utf_16be.so
linking encoding utf_16le.so
linking encoding utf_32be.so
linking encoding utf_32le.so
linking encoding windows_31j.so
linking encoding windows_1250.so
linking encoding windows_1251.so
linking encoding windows_1252.so
linking encoding windows_1253.so
linking encoding windows_1254.so
linking encoding windows_1257.so
make[1]: Leaving directory '/home/vagrant/.rvm/src/ruby-2.5.1'
compiling ./enc/trans/escape.c
make[1]: Entering directory '/home/vagrant/.rvm/src/ruby-2.5.1'
compiling ./enc/trans/gb18030.c
configuring rubyvm
configuring date
configuring json
configuring json/generator
configuring json/parser
compiling ./enc/trans/gbk.c
configuring rbconfig/sizeof
compiling ./enc/trans/iso2022.c
compiling ./enc/trans/japanese.c
compiling ./enc/trans/japanese_euc.c
compiling ./enc/trans/japanese_sjis.c
compiling ./enc/trans/korean.c
configuring cgi/escape
configuring -test-/array/resize
configuring -test-/bignum
configuring -test-/bug-3571
configuring -test-/bug-5832
configuring -test-/bug_reporter
configuring -test-/class
configuring -test-/debug
configuring -test-/dln/empty
configuring -test-/exception
configuring -test-/fatal
configuring -test-/file
configuring -test-/float
configuring -test-/funcall
configuring -test-/gvl/call_without_gvl
configuring -test-/hash
configuring -test-/integer
configuring -test-/iseq_load
configuring -test-/iter
configuring -test-/load/dot.dot
configuring -test-/load/protect
configuring -test-/marshal/compat
configuring -test-/marshal/internal_ivar
configuring -test-/marshal/usr
configuring -test-/memory_status
configuring -test-/method
configuring -test-/notimplement
configuring -test-/num2int
configuring -test-/path_to_class
configuring -test-/popen_deadlock
configuring -test-/postponed_job
configuring -test-/printf
configuring -test-/proc
configuring -test-/rational
configuring -test-/recursion
configuring -test-/regexp
compiling ./enc/trans/single_byte.c
configuring -test-/scan_args
configuring -test-/st/foreach
configuring -test-/st/numhash
configuring -test-/st/update
configuring -test-/string
configuring -test-/struct
configuring -test-/symbol
configuring -test-/thread_fd_close
configuring -test-/time
configuring -test-/tracepoint
configuring -test-/typeddata
configuring -test-/vm
configuring -test-/wait_for_single_fd
configuring openssl
compiling ./enc/trans/utf8_mac.c
compiling ./enc/trans/utf_16_32.c
linking transcoder transdb.so
linking transcoder big5.so
linking transcoder chinese.so
linking transcoder ebcdic.so
linking transcoder emoji.so
linking transcoder emoji_iso2022_kddi.so
linking transcoder emoji_sjis_docomo.so
linking transcoder emoji_sjis_kddi.so
linking transcoder emoji_sjis_softbank.so
linking transcoder escape.so
linking transcoder gb18030.so
linking transcoder gbk.so
linking transcoder iso2022.so
linking transcoder japanese.so
linking transcoder japanese_euc.so
linking transcoder japanese_sjis.so
linking transcoder korean.so
linking transcoder single_byte.so
linking transcoder utf8_mac.so
linking transcoder utf_16_32.so
make[1]: Leaving directory '/home/vagrant/.rvm/src/ruby-2.5.1'
configuring fiber
configuring bigdecimal
configuring socket
configuring stringio
configuring gdbm
configuring strscan
configuring fcntl
configuring sdbm
configuring syslog
configuring ripper
configuring nkf
configuring dbm
configuring io/console
header: gdbm-ndbm.h
library: gdbm_compat
configuring readline
configuring io/nonblock
configuring io/wait
configuring digest
configuring digest/bubblebabble
configuring digest/md5
configuring digest/rmd160
configuring digest/sha1
configuring digest/sha2
configuring psych
configuring pty
configuring racc/cparse
configuring continuation
configuring zlib
configuring pathname
configuring fiddle
configuring etc
configuring coverage
configuring objspace
making encs
make[1]: Leaving directory '/home/vagrant/.rvm/src/ruby-2.5.1'
generating makefile exts.mk
make[1]: Entering directory '/home/vagrant/.rvm/src/ruby-2.5.1'
make[1]: Nothing to be done for 'encs'.
make[1]: Leaving directory '/home/vagrant/.rvm/src/ruby-2.5.1'
exts.mk updated
make[1]: Entering directory '/home/vagrant/.rvm/src/ruby-2.5.1'
make[2]: Entering directory '/home/vagrant/.rvm/src/ruby-2.5.1/ext/date'
make[2]: Entering directory '/home/vagrant/.rvm/src/ruby-2.5.1/ext/rubyvm'
compiling date_core.c
installing default libraries
make[2]: Leaving directory '/home/vagrant/.rvm/src/ruby-2.5.1/ext/rubyvm'
make[2]: Entering directory '/home/vagrant/.rvm/src/ruby-2.5.1/ext/json'
make[2]: Leaving directory '/home/vagrant/.rvm/src/ruby-2.5.1/ext/json'
make[2]: Entering directory '/home/vagrant/.rvm/src/ruby-2.5.1/ext/json/generator'
compiling generator.c
linking shared-object json/ext/generator.so
make[2]: Leaving directory '/home/vagrant/.rvm/src/ruby-2.5.1/ext/json/generator'
make[2]: Entering directory '/home/vagrant/.rvm/src/ruby-2.5.1/ext/json/parser'
compiling parser.c
linking shared-object json/ext/parser.so
make[2]: Leaving directory '/home/vagrant/.rvm/src/ruby-2.5.1/ext/json/parser'
make[2]: Entering directory '/home/vagrant/.rvm/src/ruby-2.5.1/ext/rbconfig/sizeof'
compiling sizes.c
compiling limits.c
linking shared-object rbconfig/sizeof.so
make[2]: Leaving directory '/home/vagrant/.rvm/src/ruby-2.5.1/ext/rbconfig/sizeof'
make[2]: Entering directory '/home/vagrant/.rvm/src/ruby-2.5.1/ext/cgi/escape'
compiling escape.c
linking shared-object cgi/escape.so
make[2]: Leaving directory '/home/vagrant/.rvm/src/ruby-2.5.1/ext/cgi/escape'
make[2]: Entering directory '/home/vagrant/.rvm/src/ruby-2.5.1/ext/-test-/array/resize'
compiling resize.c
linking shared-object -test-/array/resize.so
make[2]: Leaving directory '/home/vagrant/.rvm/src/ruby-2.5.1/ext/-test-/array/resize'
make[2]: Entering directory '/home/vagrant/.rvm/src/ruby-2.5.1/ext/-test-/bignum'
compiling str2big.c
compiling bigzero.c
compiling big2str.c
compiling init.c
compiling intpack.c
compiling mul.c
compiling div.c
linking shared-object -test-/bignum.so
make[2]: Leaving directory '/home/vagrant/.rvm/src/ruby-2.5.1/ext/-test-/bignum'
make[2]: Entering directory '/home/vagrant/.rvm/src/ruby-2.5.1/ext/-test-/bug-3571'
compiling bug.c
compiling date_parse.c
linking shared-object -test-/bug_3571.so
make[2]: Leaving directory '/home/vagrant/.rvm/src/ruby-2.5.1/ext/-test-/bug-3571'
make[2]: Entering directory '/home/vagrant/.rvm/src/ruby-2.5.1/ext/-test-/bug-5832'
compiling bug.c
linking shared-object -test-/bug_5832.so
make[2]: Leaving directory '/home/vagrant/.rvm/src/ruby-2.5.1/ext/-test-/bug-5832'
make[2]: Entering directory '/home/vagrant/.rvm/src/ruby-2.5.1/ext/-test-/bug_reporter'
compiling bug_reporter.c
linking shared-object -test-/bug_reporter.so
make[2]: Leaving directory '/home/vagrant/.rvm/src/ruby-2.5.1/ext/-test-/bug_reporter'
make[2]: Entering directory '/home/vagrant/.rvm/src/ruby-2.5.1/ext/-test-/class'
compiling init.c
compiling class2name.c
linking shared-object -test-/class.so
make[2]: Leaving directory '/home/vagrant/.rvm/src/ruby-2.5.1/ext/-test-/class'
make[2]: Entering directory '/home/vagrant/.rvm/src/ruby-2.5.1/ext/-test-/debug'
compiling profile_frames.c
compiling init.c
compiling inspector.c
linking shared-object -test-/debug.so
make[2]: Leaving directory '/home/vagrant/.rvm/src/ruby-2.5.1/ext/-test-/debug'
make[2]: Entering directory '/home/vagrant/.rvm/src/ruby-2.5.1/ext/-test-/dln/empty'
compiling empty.c
linking shared-object -test-/dln/empty.so
make[2]: Leaving directory '/home/vagrant/.rvm/src/ruby-2.5.1/ext/-test-/dln/empty'
make[2]: Entering directory '/home/vagrant/.rvm/src/ruby-2.5.1/ext/-test-/exception'
compiling ensured.c
compiling init.c
compiling dataerror.c
compiling enc_raise.c
linking shared-object -test-/exception.so
make[2]: Leaving directory '/home/vagrant/.rvm/src/ruby-2.5.1/ext/-test-/exception'
make[2]: Entering directory '/home/vagrant/.rvm/src/ruby-2.5.1/ext/-test-/fatal'
compiling rb_fatal.c
linking shared-object -test-/fatal/rb_fatal.so
make[2]: Leaving directory '/home/vagrant/.rvm/src/ruby-2.5.1/ext/-test-/fatal'
make[2]: Entering directory '/home/vagrant/.rvm/src/ruby-2.5.1/ext/-test-/file'
compiling fs.c
compiling stat.c
compiling init.c
compiling date_strftime.c
linking shared-object -test-/file.so
make[2]: Leaving directory '/home/vagrant/.rvm/src/ruby-2.5.1/ext/-test-/file'
make[2]: Entering directory '/home/vagrant/.rvm/src/ruby-2.5.1/ext/-test-/float'
compiling nextafter.c
compiling init.c
linking shared-object -test-/float.so
make[2]: Leaving directory '/home/vagrant/.rvm/src/ruby-2.5.1/ext/-test-/float'
make[2]: Entering directory '/home/vagrant/.rvm/src/ruby-2.5.1/ext/-test-/funcall'
compiling funcall.c
linking shared-object -test-/funcall.so
make[2]: Leaving directory '/home/vagrant/.rvm/src/ruby-2.5.1/ext/-test-/funcall'
make[2]: Entering directory '/home/vagrant/.rvm/src/ruby-2.5.1/ext/-test-/gvl/call_without_gvl'
compiling call_without_gvl.c
compiling date_strptime.c
linking shared-object -test-/gvl/call_without_gvl.so
make[2]: Leaving directory '/home/vagrant/.rvm/src/ruby-2.5.1/ext/-test-/gvl/call_without_gvl'
make[2]: Entering directory '/home/vagrant/.rvm/src/ruby-2.5.1/ext/-test-/hash'
compiling init.c
compiling delete.c
linking shared-object -test-/hash.so
make[2]: Leaving directory '/home/vagrant/.rvm/src/ruby-2.5.1/ext/-test-/hash'
make[2]: Entering directory '/home/vagrant/.rvm/src/ruby-2.5.1/ext/-test-/integer'
compiling my_integer.c
compiling init.c
compiling core_ext.c
installing default date_core libraries
linking shared-object date_core.so
linking shared-object -test-/integer.so
make[2]: Leaving directory '/home/vagrant/.rvm/src/ruby-2.5.1/ext/-test-/integer'
make[2]: Entering directory '/home/vagrant/.rvm/src/ruby-2.5.1/ext/-test-/iseq_load'
compiling iseq_load.c
make[2]: Leaving directory '/home/vagrant/.rvm/src/ruby-2.5.1/ext/date'
make[2]: Entering directory '/home/vagrant/.rvm/src/ruby-2.5.1/ext/-test-/iter'
compiling break.c
compiling init.c
linking shared-object -test-/iseq_load.so
make[2]: Leaving directory '/home/vagrant/.rvm/src/ruby-2.5.1/ext/-test-/iseq_load'
compiling yield.c
make[2]: Entering directory '/home/vagrant/.rvm/src/ruby-2.5.1/ext/-test-/load/dot.dot'
compiling dot.dot.c
linking shared-object -test-/load/dot.dot.so
make[2]: Leaving directory '/home/vagrant/.rvm/src/ruby-2.5.1/ext/-test-/load/dot.dot'
linking shared-object -test-/iter.so
make[2]: Entering directory '/home/vagrant/.rvm/src/ruby-2.5.1/ext/-test-/load/protect'
compiling protect.c
make[2]: Leaving directory '/home/vagrant/.rvm/src/ruby-2.5.1/ext/-test-/iter'
make[2]: Entering directory '/home/vagrant/.rvm/src/ruby-2.5.1/ext/-test-/marshal/compat'
compiling usrcompat.c
linking shared-object -test-/load/protect.so
make[2]: Leaving directory '/home/vagrant/.rvm/src/ruby-2.5.1/ext/-test-/load/protect'
linking shared-object -test-/marshal/compat.so
make[2]: Entering directory '/home/vagrant/.rvm/src/ruby-2.5.1/ext/-test-/marshal/internal_ivar'
compiling internal_ivar.c
make[2]: Leaving directory '/home/vagrant/.rvm/src/ruby-2.5.1/ext/-test-/marshal/compat'
make[2]: Entering directory '/home/vagrant/.rvm/src/ruby-2.5.1/ext/-test-/marshal/usr'
compiling usrmarshal.c
linking shared-object -test-/marshal/internal_ivar.so
linking shared-object -test-/marshal/usr.so
make[2]: Leaving directory '/home/vagrant/.rvm/src/ruby-2.5.1/ext/-test-/marshal/internal_ivar'
make[2]: Entering directory '/home/vagrant/.rvm/src/ruby-2.5.1/ext/-test-/method'
compiling arity.c
make[2]: Leaving directory '/home/vagrant/.rvm/src/ruby-2.5.1/ext/-test-/marshal/usr'
compiling init.c
make[2]: Entering directory '/home/vagrant/.rvm/src/ruby-2.5.1/ext/-test-/notimplement'
compiling bug.c
linking shared-object -test-/method.so
make[2]: Leaving directory '/home/vagrant/.rvm/src/ruby-2.5.1/ext/-test-/method'
make[2]: Entering directory '/home/vagrant/.rvm/src/ruby-2.5.1/ext/-test-/num2int'
compiling num2int.c
linking shared-object -test-/notimplement.so
make[2]: Leaving directory '/home/vagrant/.rvm/src/ruby-2.5.1/ext/-test-/notimplement'
make[2]: Entering directory '/home/vagrant/.rvm/src/ruby-2.5.1/ext/-test-/path_to_class'
compiling path_to_class.c
linking shared-object -test-/num2int.so
linking shared-object -test-/path_to_class.so
make[2]: Leaving directory '/home/vagrant/.rvm/src/ruby-2.5.1/ext/-test-/num2int'
make[2]: Entering directory '/home/vagrant/.rvm/src/ruby-2.5.1/ext/-test-/popen_deadlock'
compiling infinite_loop_dlsym.c
make[2]: Leaving directory '/home/vagrant/.rvm/src/ruby-2.5.1/ext/-test-/path_to_class'
make[2]: Entering directory '/home/vagrant/.rvm/src/ruby-2.5.1/ext/-test-/postponed_job'
compiling postponed_job.c
linking shared-object -test-/popen_deadlock/infinite_loop_dlsym.so
linking shared-object -test-/postponed_job.so
make[2]: Leaving directory '/home/vagrant/.rvm/src/ruby-2.5.1/ext/-test-/popen_deadlock'
make[2]: Entering directory '/home/vagrant/.rvm/src/ruby-2.5.1/ext/-test-/printf'
compiling printf.c
make[2]: Leaving directory '/home/vagrant/.rvm/src/ruby-2.5.1/ext/-test-/postponed_job'
make[2]: Entering directory '/home/vagrant/.rvm/src/ruby-2.5.1/ext/-test-/proc'
compiling init.c
compiling super.c
linking shared-object -test-/printf.so
compiling receiver.c
make[2]: Leaving directory '/home/vagrant/.rvm/src/ruby-2.5.1/ext/-test-/printf'
make[2]: Entering directory '/home/vagrant/.rvm/src/ruby-2.5.1/ext/-test-/rational'
compiling rat.c
linking shared-object -test-/proc.so
linking shared-object -test-/rational.so
make[2]: Leaving directory '/home/vagrant/.rvm/src/ruby-2.5.1/ext/-test-/proc'
make[2]: Entering directory '/home/vagrant/.rvm/src/ruby-2.5.1/ext/-test-/recursion'
compiling recursion.c
make[2]: Leaving directory '/home/vagrant/.rvm/src/ruby-2.5.1/ext/-test-/rational'
make[2]: Entering directory '/home/vagrant/.rvm/src/ruby-2.5.1/ext/-test-/regexp'
compiling init.c
linking shared-object -test-/recursion.so
compiling parse_depth_limit.c
make[2]: Leaving directory '/home/vagrant/.rvm/src/ruby-2.5.1/ext/-test-/recursion'
make[2]: Entering directory '/home/vagrant/.rvm/src/ruby-2.5.1/ext/-test-/scan_args'
compiling scan_args.c
linking shared-object -test-/regexp.so
make[2]: Leaving directory '/home/vagrant/.rvm/src/ruby-2.5.1/ext/-test-/regexp'
make[2]: Entering directory '/home/vagrant/.rvm/src/ruby-2.5.1/ext/-test-/st/foreach'
compiling foreach.c
linking shared-object -test-/st/foreach.so
make[2]: Leaving directory '/home/vagrant/.rvm/src/ruby-2.5.1/ext/-test-/st/foreach'
make[2]: Entering directory '/home/vagrant/.rvm/src/ruby-2.5.1/ext/-test-/st/numhash'
compiling numhash.c
linking shared-object -test-/st/numhash.so
make[2]: Leaving directory '/home/vagrant/.rvm/src/ruby-2.5.1/ext/-test-/st/numhash'
make[2]: Entering directory '/home/vagrant/.rvm/src/ruby-2.5.1/ext/-test-/st/update'
compiling update.c
linking shared-object -test-/st/update.so
make[2]: Leaving directory '/home/vagrant/.rvm/src/ruby-2.5.1/ext/-test-/st/update'
make[2]: Entering directory '/home/vagrant/.rvm/src/ruby-2.5.1/ext/-test-/string'
compiling qsort.c
linking shared-object -test-/scan_args.so
make[2]: Leaving directory '/home/vagrant/.rvm/src/ruby-2.5.1/ext/-test-/scan_args'
make[2]: Entering directory '/home/vagrant/.rvm/src/ruby-2.5.1/ext/-test-/struct'
compiling len.c
compiling coderange.c
compiling init.c
compiling new.c
compiling duplicate.c
compiling modify.c
compiling member.c
compiling nofree.c
linking shared-object -test-/struct.so
make[2]: Leaving directory '/home/vagrant/.rvm/src/ruby-2.5.1/ext/-test-/struct'
make[2]: Entering directory '/home/vagrant/.rvm/src/ruby-2.5.1/ext/-test-/symbol'
compiling init.c
compiling init.c
compiling type.c
compiling capacity.c
compiling ellipsize.c
linking shared-object -test-/symbol.so
make[2]: Leaving directory '/home/vagrant/.rvm/src/ruby-2.5.1/ext/-test-/symbol'
make[2]: Entering directory '/home/vagrant/.rvm/src/ruby-2.5.1/ext/-test-/thread_fd_close'
compiling thread_fd_close.c
compiling enc_str_buf_cat.c
linking shared-object -test-/thread_fd_close.so
compiling cstr.c
make[2]: Leaving directory '/home/vagrant/.rvm/src/ruby-2.5.1/ext/-test-/thread_fd_close'
make[2]: Entering directory '/home/vagrant/.rvm/src/ruby-2.5.1/ext/-test-/time'
compiling new.c
compiling init.c
compiling set_len.c
linking shared-object -test-/time.so
make[2]: Leaving directory '/home/vagrant/.rvm/src/ruby-2.5.1/ext/-test-/time'
make[2]: Entering directory '/home/vagrant/.rvm/src/ruby-2.5.1/ext/-test-/tracepoint'
compiling gc_hook.c
compiling enc_associate.c
compiling tracepoint.c
compiling fstring.c
compiling normalize.c
linking shared-object -test-/tracepoint.so
make[2]: Leaving directory '/home/vagrant/.rvm/src/ruby-2.5.1/ext/-test-/tracepoint'
make[2]: Entering directory '/home/vagrant/.rvm/src/ruby-2.5.1/ext/-test-/typeddata'
compiling typeddata.c
linking shared-object -test-/string.so
linking shared-object -test-/typeddata.so
make[2]: Leaving directory '/home/vagrant/.rvm/src/ruby-2.5.1/ext/-test-/string'
make[2]: Entering directory '/home/vagrant/.rvm/src/ruby-2.5.1/ext/-test-/vm'
compiling at_exit.c
make[2]: Leaving directory '/home/vagrant/.rvm/src/ruby-2.5.1/ext/-test-/typeddata'
make[2]: Entering directory '/home/vagrant/.rvm/src/ruby-2.5.1/ext/-test-/wait_for_single_fd'
compiling wait_for_single_fd.c
linking shared-object -test-/vm/at_exit.so
linking shared-object -test-/wait_for_single_fd.so
make[2]: Leaving directory '/home/vagrant/.rvm/src/ruby-2.5.1/ext/-test-/vm'
make[2]: Entering directory '/home/vagrant/.rvm/src/ruby-2.5.1/ext/openssl'
compiling openssl_missing.c
make[2]: Leaving directory '/home/vagrant/.rvm/src/ruby-2.5.1/ext/-test-/wait_for_single_fd'
make[2]: Entering directory '/home/vagrant/.rvm/src/ruby-2.5.1/ext/fiber'
compiling fiber.c
linking shared-object fiber.so
make[2]: Leaving directory '/home/vagrant/.rvm/src/ruby-2.5.1/ext/fiber'
make[2]: Entering directory '/home/vagrant/.rvm/src/ruby-2.5.1/ext/bigdecimal'
compiling bigdecimal.c
compiling ossl.c
compiling ossl_asn1.c
compiling ossl_bio.c
compiling ossl_bn.c
linking shared-object bigdecimal.so
installing default bigdecimal libraries
make[2]: Leaving directory '/home/vagrant/.rvm/src/ruby-2.5.1/ext/bigdecimal'
make[2]: Entering directory '/home/vagrant/.rvm/src/ruby-2.5.1/ext/socket'
compiling init.c
compiling ossl_cipher.c
compiling constants.c
compiling ossl_config.c
compiling ossl_digest.c
compiling ossl_engine.c
compiling ossl_hmac.c
compiling ossl_kdf.c
compiling basicsocket.c
compiling ossl_ns_spki.c
compiling socket.c
compiling ossl_ocsp.c
compiling ipsocket.c
compiling tcpsocket.c
compiling tcpserver.c
compiling sockssocket.c
compiling ossl_pkcs12.c
compiling udpsocket.c
compiling unixsocket.c
compiling ossl_pkcs7.c
compiling unixserver.c
compiling option.c
compiling ossl_pkey.c
compiling ancdata.c
compiling ossl_pkey_dh.c
compiling raddrinfo.c
compiling ossl_pkey_dsa.c
compiling ossl_pkey_ec.c
compiling ifaddr.c
installing default socket libraries
linking shared-object socket.so
make[2]: Leaving directory '/home/vagrant/.rvm/src/ruby-2.5.1/ext/socket'
make[2]: Entering directory '/home/vagrant/.rvm/src/ruby-2.5.1/ext/stringio'
compiling stringio.c
compiling ossl_pkey_rsa.c
compiling ossl_rand.c
linking shared-object stringio.so
make[2]: Leaving directory '/home/vagrant/.rvm/src/ruby-2.5.1/ext/stringio'
make[2]: Entering directory '/home/vagrant/.rvm/src/ruby-2.5.1/ext/gdbm'
compiling gdbm.c
compiling ossl_ssl.c
linking shared-object gdbm.so
make[2]: Leaving directory '/home/vagrant/.rvm/src/ruby-2.5.1/ext/gdbm'
make[2]: Entering directory '/home/vagrant/.rvm/src/ruby-2.5.1/ext/strscan'
compiling strscan.c
linking shared-object strscan.so
make[2]: Leaving directory '/home/vagrant/.rvm/src/ruby-2.5.1/ext/strscan'
make[2]: Entering directory '/home/vagrant/.rvm/src/ruby-2.5.1/ext/fcntl'
compiling fcntl.c
compiling ossl_ssl_session.c
linking shared-object fcntl.so
make[2]: Leaving directory '/home/vagrant/.rvm/src/ruby-2.5.1/ext/fcntl'
make[2]: Entering directory '/home/vagrant/.rvm/src/ruby-2.5.1/ext/sdbm'
compiling _sdbm.c
compiling ossl_x509.c
compiling init.c
compiling ossl_x509attr.c
linking shared-object sdbm.so
make[2]: Leaving directory '/home/vagrant/.rvm/src/ruby-2.5.1/ext/sdbm'
make[2]: Entering directory '/home/vagrant/.rvm/src/ruby-2.5.1/ext/syslog'
compiling syslog.c
compiling ossl_x509cert.c
linking shared-object syslog.so
installing default syslog libraries
make[2]: Leaving directory '/home/vagrant/.rvm/src/ruby-2.5.1/ext/syslog'
make[2]: Entering directory '/home/vagrant/.rvm/src/ruby-2.5.1/ext/ripper'
compiling ripper.c
compiling ossl_x509crl.c
compiling ossl_x509ext.c
compiling ossl_x509name.c
compiling ossl_x509req.c
compiling ossl_x509revoked.c
compiling ossl_x509store.c
linking shared-object openssl.so
installing default openssl libraries
make[2]: Leaving directory '/home/vagrant/.rvm/src/ruby-2.5.1/ext/openssl'
make[2]: Entering directory '/home/vagrant/.rvm/src/ruby-2.5.1/ext/nkf'
compiling nkf.c
checking ../.././parse.y and ../.././ext/ripper/eventids2.c
linking shared-object ripper.so
make[2]: Leaving directory '/home/vagrant/.rvm/src/ruby-2.5.1/ext/ripper'
make[2]: Entering directory '/home/vagrant/.rvm/src/ruby-2.5.1/ext/dbm'
compiling dbm.c
linking shared-object dbm.so
make[2]: Leaving directory '/home/vagrant/.rvm/src/ruby-2.5.1/ext/dbm'
installing default nkf libraries
make[2]: Entering directory '/home/vagrant/.rvm/src/ruby-2.5.1/ext/io/console'
compiling console.c
linking shared-object io/console.so
installing default console libraries
make[2]: Leaving directory '/home/vagrant/.rvm/src/ruby-2.5.1/ext/io/console'
make[2]: Entering directory '/home/vagrant/.rvm/src/ruby-2.5.1/ext/io/nonblock'
compiling nonblock.c
linking shared-object io/nonblock.so
make[2]: Leaving directory '/home/vagrant/.rvm/src/ruby-2.5.1/ext/io/nonblock'
make[2]: Entering directory '/home/vagrant/.rvm/src/ruby-2.5.1/ext/io/wait'
compiling wait.c
linking shared-object io/wait.so
make[2]: Leaving directory '/home/vagrant/.rvm/src/ruby-2.5.1/ext/io/wait'
make[2]: Entering directory '/home/vagrant/.rvm/src/ruby-2.5.1/ext/readline'
compiling readline.c
linking shared-object nkf.so
make[2]: Leaving directory '/home/vagrant/.rvm/src/ruby-2.5.1/ext/nkf'
make[2]: Entering directory '/home/vagrant/.rvm/src/ruby-2.5.1/ext/digest'
compiling digest.c
installing default digest libraries
linking shared-object digest.so
installing digest libraries
make[2]: Leaving directory '/home/vagrant/.rvm/src/ruby-2.5.1/ext/digest'
make[2]: Entering directory '/home/vagrant/.rvm/src/ruby-2.5.1/ext/digest/bubblebabble'
compiling bubblebabble.c
linking shared-object readline.so
make[2]: Leaving directory '/home/vagrant/.rvm/src/ruby-2.5.1/ext/readline'
make[2]: Entering directory '/home/vagrant/.rvm/src/ruby-2.5.1/ext/digest/md5'
compiling md5init.c
linking shared-object digest/bubblebabble.so
make[2]: Leaving directory '/home/vagrant/.rvm/src/ruby-2.5.1/ext/digest/bubblebabble'
make[2]: Entering directory '/home/vagrant/.rvm/src/ruby-2.5.1/ext/digest/rmd160'
compiling rmd160init.c
linking shared-object digest/md5.so
linking shared-object digest/rmd160.so
make[2]: Leaving directory '/home/vagrant/.rvm/src/ruby-2.5.1/ext/digest/md5'
make[2]: Entering directory '/home/vagrant/.rvm/src/ruby-2.5.1/ext/digest/sha1'
compiling sha1init.c
make[2]: Leaving directory '/home/vagrant/.rvm/src/ruby-2.5.1/ext/digest/rmd160'
make[2]: Entering directory '/home/vagrant/.rvm/src/ruby-2.5.1/ext/digest/sha2'
compiling sha2init.c
linking shared-object digest/sha1.so
linking shared-object digest/sha2.so
make[2]: Leaving directory '/home/vagrant/.rvm/src/ruby-2.5.1/ext/digest/sha1'
installing default sha2 libraries
make[2]: Entering directory '/home/vagrant/.rvm/src/ruby-2.5.1/ext/psych'
compiling psych.c
make[2]: Leaving directory '/home/vagrant/.rvm/src/ruby-2.5.1/ext/digest/sha2'
compiling psych_emitter.c
compiling psych_parser.c
compiling psych_to_ruby.c
compiling psych_yaml_tree.c
linking shared-object psych.so
make[2]: Entering directory '/home/vagrant/.rvm/src/ruby-2.5.1/ext/pty'
compiling pty.c
make[2]: Leaving directory '/home/vagrant/.rvm/src/ruby-2.5.1/ext/psych'
make[2]: Entering directory '/home/vagrant/.rvm/src/ruby-2.5.1/ext/racc/cparse'
compiling cparse.c
installing default pty libraries
linking shared-object pty.so
make[2]: Leaving directory '/home/vagrant/.rvm/src/ruby-2.5.1/ext/pty'
make[2]: Entering directory '/home/vagrant/.rvm/src/ruby-2.5.1/ext/continuation'
compiling continuation.c
linking shared-object continuation.so
linking shared-object racc/cparse.so
make[2]: Leaving directory '/home/vagrant/.rvm/src/ruby-2.5.1/ext/continuation'
make[2]: Entering directory '/home/vagrant/.rvm/src/ruby-2.5.1/ext/zlib'
compiling zlib.c
make[2]: Leaving directory '/home/vagrant/.rvm/src/ruby-2.5.1/ext/racc/cparse'
make[2]: Entering directory '/home/vagrant/.rvm/src/ruby-2.5.1/ext/pathname'
compiling pathname.c
installing default pathname libraries
linking shared-object pathname.so
make[2]: Leaving directory '/home/vagrant/.rvm/src/ruby-2.5.1/ext/pathname'
make[2]: Entering directory '/home/vagrant/.rvm/src/ruby-2.5.1/ext/fiddle'
compiling closure.c
compiling conversions.c
compiling fiddle.c
compiling function.c
compiling handle.c
linking shared-object zlib.so
make[2]: Leaving directory '/home/vagrant/.rvm/src/ruby-2.5.1/ext/zlib'
make[2]: Entering directory '/home/vagrant/.rvm/src/ruby-2.5.1/ext/etc'
generating constant definitions
compiling etc.c
compiling pointer.c
linking shared-object etc.so
linking shared-object fiddle.so
make[2]: Leaving directory '/home/vagrant/.rvm/src/ruby-2.5.1/ext/etc'
make[2]: Entering directory '/home/vagrant/.rvm/src/ruby-2.5.1/ext/coverage'
compiling coverage.c
installing default fiddle libraries
make[2]: Leaving directory '/home/vagrant/.rvm/src/ruby-2.5.1/ext/fiddle'
make[2]: Entering directory '/home/vagrant/.rvm/src/ruby-2.5.1/ext/objspace'
compiling object_tracing.c
linking shared-object coverage.so
compiling objspace.c
make[2]: Leaving directory '/home/vagrant/.rvm/src/ruby-2.5.1/ext/coverage'
compiling objspace_dump.c
linking shared-object objspace.so
make[2]: Leaving directory '/home/vagrant/.rvm/src/ruby-2.5.1/ext/objspace'
make[2]: Entering directory '/home/vagrant/.rvm/src/ruby-2.5.1'
linking shared-library libruby.so.2.5.1
linking ruby
make[2]: Leaving directory '/home/vagrant/.rvm/src/ruby-2.5.1'
make[1]: Leaving directory '/home/vagrant/.rvm/src/ruby-2.5.1'
make[1]: Entering directory '/home/vagrant/.rvm/src/ruby-2.5.1'
make[1]: Nothing to be done for 'note'.
make[1]: Leaving directory '/home/vagrant/.rvm/src/ruby-2.5.1'
