[2019-01-16 01:45:37] __rvm_post_configure_ruby
__rvm_post_configure_ruby () 
{ 
    __rvm_post_configure_ruby_fix_athlon_sse2;
    __rvm_post_configure_ruby_update_setup
}
current path: /home/vagrant/.rvm/src/ruby-2.5.1
PATH=/home/vagrant/bin:/home/vagrant/.local/bin:/usr/local/sbin:/usr/local/bin:/usr/sbin:/usr/bin:/sbin:/bin:/usr/games:/usr/local/games:/snap/bin:/home/vagrant/.rvm/bin
command(1): __rvm_post_configure_ruby
+++ __rvm_post_configure_ruby_fix_athlon_sse2
+++ [[ -f /proc/cpuinfo ]]
+++ [[ -f Makefile ]]
+++ __rvm_grep '^XCFLAGS = .*-msse2' Makefile
+++ GREP_OPTIONS=
+++ command grep '^XCFLAGS = .*-msse2' Makefile
+++ grep '^XCFLAGS = .*-msse2' Makefile
+++ return 1
+++ __rvm_post_configure_ruby_update_setup
+++ typeset option
+++ ((  0 == 1  ))
